<?xml version="1.0" encoding="UTF-8"?>
<testsuite xmlns:xsi="http://www.w3.org/2001/XMLSchema-instance" xsi:noNamespaceSchemaLocation="https://maven.apache.org/surefire/maven-surefire-plugin/xsd/surefire-test-report-3.0.xsd" version="3.0" name="org.example.AppTest" time="0.015" tests="1" errors="0" skipped="0" failures="0">
  <properties>
    <property name="java.specification.version" value="21"/>
    <property name="sun.cpu.isalist" value="amd64"/>
    <property name="sun.jnu.encoding" value="GBK"/>
    <property name="java.class.path" value="C:\Users\YXCS\Desktop\作业\大三上\社团管理程序-数据库课设\DataBaseAssign_Maven\UI\target\test-classes;C:\Users\YXCS\Desktop\作业\大三上\社团管理程序-数据库课设\DataBaseAssign_Maven\UI\target\classes;C:\Users\YXCS\.m2\repository\junit\junit\3.8.1\junit-3.8.1.jar;C:\Users\YXCS\Desktop\作业\大三上\社团管理程序-数据库课设\DataBaseAssign_Maven\Database\target\Database-1.0-SNAPSHOT.jar;C:\Users\YXCS\Desktop\作业\大三上\社团管理程序-数据库课设\DataBaseAssign_Maven\Database\lib\sqljdbc42.jar;C:\Users\YXCS\.m2\repository\javax\xml\bind\jaxb-api\2.3.0\jaxb-api-2.3.0.jar;C:\Users\YXCS\.m2\repository\com\sun\xml\bind\jaxb-impl\2.3.0\jaxb-impl-2.3.0.jar;C:\Users\YXCS\.m2\repository\com\sun\xml\bind\jaxb-core\2.3.0\jaxb-core-2.3.0.jar;C:\Users\YXCS\.m2\repository\javax\activation\activation\1.1.1\activation-1.1.1.jar;C:\Users\YXCS\.m2\repository\com\toedter\jcalendar\1.4\jcalendar-1.4.jar;"/>
    <property name="java.vm.vendor" value="Oracle Corporation"/>
    <property name="sun.arch.data.model" value="64"/>
    <property name="user.variant" value=""/>
    <property name="java.vendor.url" value="https://java.oracle.com/"/>
    <property name="user.timezone" value="Asia/Shanghai"/>
    <property name="os.name" value="Windows 11"/>
    <property name="java.vm.specification.version" value="21"/>
    <property name="sun.java.launcher" value="SUN_STANDARD"/>
    <property name="user.country" value="CN"/>
    <property name="sun.boot.library.path" value="F:\Develop\JDK\bin"/>
    <property name="sun.java.command" value="C:\Users\YXCS\AppData\Local\Temp\surefire17277886900215574324\surefirebooter-20250103023020116_6.jar C:\Users\YXCS\AppData\Local\Temp\surefire17277886900215574324 2025-01-03T02-30-18_463-jvmRun1 surefire-20250103023020116_4tmp surefire_1-20250103023020116_5tmp"/>
    <property name="jdk.debug" value="release"/>
    <property name="surefire.test.class.path" value="C:\Users\YXCS\Desktop\作业\大三上\社团管理程序-数据库课设\DataBaseAssign_Maven\UI\target\test-classes;C:\Users\YXCS\Desktop\作业\大三上\社团管理程序-数据库课设\DataBaseAssign_Maven\UI\target\classes;C:\Users\YXCS\.m2\repository\junit\junit\3.8.1\junit-3.8.1.jar;C:\Users\YXCS\Desktop\作业\大三上\社团管理程序-数据库课设\DataBaseAssign_Maven\Database\target\Database-1.0-SNAPSHOT.jar;C:\Users\YXCS\Desktop\作业\大三上\社团管理程序-数据库课设\DataBaseAssign_Maven\Database\lib\sqljdbc42.jar;C:\Users\YXCS\.m2\repository\javax\xml\bind\jaxb-api\2.3.0\jaxb-api-2.3.0.jar;C:\Users\YXCS\.m2\repository\com\sun\xml\bind\jaxb-impl\2.3.0\jaxb-impl-2.3.0.jar;C:\Users\YXCS\.m2\repository\com\sun\xml\bind\jaxb-core\2.3.0\jaxb-core-2.3.0.jar;C:\Users\YXCS\.m2\repository\javax\activation\activation\1.1.1\activation-1.1.1.jar;C:\Users\YXCS\.m2\repository\com\toedter\jcalendar\1.4\jcalendar-1.4.jar;"/>
    <property name="sun.cpu.endian" value="little"/>
    <property name="user.home" value="C:\Users\YXCS"/>
    <property name="user.language" value="zh"/>
    <property name="java.specification.vendor" value="Oracle Corporation"/>
    <property name="java.version.date" value="2024-01-16"/>
    <property name="java.home" value="F:\Develop\JDK"/>
    <property name="file.separator" value="\"/>
    <property name="basedir" value="C:\Users\YXCS\Desktop\作业\大三上\社团管理程序-数据库课设\DataBaseAssign_Maven\UI"/>
    <property name="java.vm.compressedOopsMode" value="Zero based"/>
    <property name="line.separator" value="&#10;"/>
    <property name="java.vm.specification.vendor" value="Oracle Corporation"/>
    <property name="java.specification.name" value="Java Platform API Specification"/>
    <property name="surefire.real.class.path" value="C:\Users\YXCS\AppData\Local\Temp\surefire17277886900215574324\surefirebooter-20250103023020116_6.jar"/>
    <property name="user.script" value=""/>
    <property name="sun.management.compiler" value="HotSpot 64-Bit Tiered Compilers"/>
    <property name="java.runtime.version" value="21.0.2+13-LTS-58"/>
    <property name="user.name" value="YXCS"/>
    <property name="stdout.encoding" value="GBK"/>
    <property name="path.separator" value=";"/>
    <property name="os.version" value="10.0"/>
    <property name="java.runtime.name" value="Java(TM) SE Runtime Environment"/>
    <property name="file.encoding" value="UTF-8"/>
    <property name="java.vm.name" value="Java HotSpot(TM) 64-Bit Server VM"/>
    <property name="localRepository" value="C:\Users\YXCS\.m2\repository"/>
    <property name="java.vendor.url.bug" value="https://bugreport.java.com/bugreport/"/>
    <property name="java.io.tmpdir" value="C:\Users\YXCS\AppData\Local\Temp\"/>
    <property name="idea.version" value="2023.3.5"/>
    <property name="java.version" value="21.0.2"/>
    <property name="user.dir" value="C:\Users\YXCS\Desktop\作业\大三上\社团管理程序-数据库课设\DataBaseAssign_Maven\UI"/>
    <property name="os.arch" value="amd64"/>
    <property name="java.vm.specification.name" value="Java Virtual Machine Specification"/>
    <property name="sun.os.patch.level" value=""/>
    <property name="native.encoding" value="GBK"/>
    <property name="java.library.path" value="F:\Develop\JDK\bin;C:\WINDOWS\Sun\Java\bin;C:\WINDOWS\system32;C:\WINDOWS;F:\Develop\JDK\bin;C:\Program Files\Common Files\Oracle\Java\javapath;C:\Program Files (x86)\Common Files\Oracle\Java\java8path;C:\Program Files (x86)\Common Files\Oracle\Java\javapath;C:\Windows\system32;C:\Windows;C:\Windows\System32\Wbem;C:\Windows\System32\WindowsPowerShell\v1.0\;C:\Windows\System32\OpenSSH\;C:\Program Files (x86)\NVIDIA Corporation\PhysX\Common;C:\Program Files\NVIDIA Corporation\NVIDIA NvDLISR;&quot;C:\WINDOWS\system32;&quot;;&quot;C:\WINDOWS;&quot;;C:\WINDOWS\system32;C:\WINDOWS;C:\WINDOWS\System32\Wbem;C:\WINDOWS\System32\WindowsPowerShell\v1.0\;C:\WINDOWS\System32\OpenSSH\;C:\Program Files\dotnet\;D:\Windows Kits\10\Windows Performance Toolkit\;F:\Develop\GitKaraken-CLI\gk_1.6.1_Windows_x86_64;C:\Program Files (x86)\Microsoft SQL Server\160\Tools\Binn\;C:\Program Files\Microsoft SQL Server\160\Tools\Binn\;C:\Program Files\Microsoft SQL Server\Client SDK\ODBC\170\Tools\Binn\;C:\Program Files\Microsoft SQL Server\160\DTS\Binn\;C:\Program Files (x86)\Microsoft SQL Server\160\DTS\Binn\;C:\Program Files\PuTTY\;C:\Program Files (x86)\Microsoft SQL Server\110\DTS\Binn\;C:\Program Files (x86)\Microsoft SQL Server\110\Tools\Binn\;C:\Program Files (x86)\Microsoft SQL Server\110\Tools\Binn\ManagementStudio\;C:\Program Files (x86)\Microsoft Visual Studio 10.0\Common7\IDE\PrivateAssemblies\;F:\Develop\Maven\apache-maven-3.9.9\bin;C:\Users\YXCS\AppData\Local\Microsoft\WindowsApps;C:\Users\YXCS\.dotnet\tools;F:\Develop\IDEA\IntelliJ IDEA Community Edition 2023.3.5\bin;C:\Users\YXCS\AppData\Local\gitkraken\bin;F:\STUDY\Quartus\modelsim_ase\win32aloem;."/>
    <property name="java.vm.info" value="mixed mode, sharing"/>
    <property name="stderr.encoding" value="GBK"/>
    <property name="java.vendor" value="Oracle Corporation"/>
    <property name="java.vm.version" value="21.0.2+13-LTS-58"/>
    <property name="sun.io.unicode.encoding" value="UnicodeLittle"/>
    <property name="java.class.version" value="65.0"/>
  </properties>
  <testcase name="testApp" classname="org.example.AppTest" time="0.002"/>
</testsuite>